<?xml version="1.0" encoding="UTF-8"?>
<testng-results ignored="0" total="1" passed="1" failed="0" skipped="0">
  <reporter-output>
  </reporter-output>
  <suite started-at="2023-03-14T10:26:44 IST" name="Default suite" finished-at="2023-03-14T10:26:48 IST" duration-ms="3075">
    <groups>
    </groups>
    <test started-at="2023-03-14T10:26:44 IST" name="Default test" finished-at="2023-03-14T10:26:48 IST" duration-ms="3075">
      <class name="day3.passingXMLRespones">
        <test-method signature="testXMLResponesBody()[pri:0, instance:day3.passingXMLRespones@be64738]" started-at="2023-03-14T10:26:45 IST" name="testXMLResponesBody" finished-at="2023-03-14T10:26:48 IST" duration-ms="3020" status="PASS">
          <reporter-output>
          </reporter-output>
        </test-method> <!-- testXMLResponesBody -->
      </class> <!-- day3.passingXMLRespones -->
    </test> <!-- Default test -->
  </suite> <!-- Default suite -->
</testng-results>
